Using pre-set license
Built from '6000.0/staging' branch; Version is '6000.0.23f1 (1c4764c07fb4) revision 1853284'; Using compiler version '193933523'; Build Type 'Release'
OS: 'Windows 11  (10.0.22631) 64bit Core' Language: 'en' Physical Memory: 15789 MB
BatchMode: 1, IsHumanControllingUs: 0, StartBugReporterOnCrash: 0, Is64bit: 1, IsPro: 1

COMMAND LINE ARGUMENTS:
C:\Program Files\Unity\Hub\Editor\6000.0.23f1\Editor\Unity.exe
-adb2
-batchMode
-noUpm
-name
AssetImportWorker0
-projectPath
D:/Unity Games/Mystic Woods
-logFile
Logs/AssetImportWorker0.log
-srvPort
57026
-job-worker-count
7
-background-job-worker-count
8
-asset-garbage-collectors
1
Successfully changed project path to: D:/Unity Games/Mystic Woods
D:/Unity Games/Mystic Woods
[UnityMemory] Configuration Parameters - Can be set up in boot.config
    "memorysetup-bucket-allocator-granularity=16"
    "memorysetup-bucket-allocator-bucket-count=8"
    "memorysetup-bucket-allocator-block-size=33554432"
    "memorysetup-bucket-allocator-block-count=8"
    "memorysetup-main-allocator-block-size=16777216"
    "memorysetup-thread-allocator-block-size=16777216"
    "memorysetup-gfx-main-allocator-block-size=16777216"
    "memorysetup-gfx-thread-allocator-block-size=16777216"
    "memorysetup-cache-allocator-block-size=4194304"
    "memorysetup-typetree-allocator-block-size=2097152"
    "memorysetup-profiler-bucket-allocator-granularity=16"
    "memorysetup-profiler-bucket-allocator-bucket-count=8"
    "memorysetup-profiler-bucket-allocator-block-size=33554432"
    "memorysetup-profiler-bucket-allocator-block-count=8"
    "memorysetup-profiler-allocator-block-size=16777216"
    "memorysetup-profiler-editor-allocator-block-size=1048576"
    "memorysetup-temp-allocator-size-main=16777216"
    "memorysetup-job-temp-allocator-block-size=2097152"
    "memorysetup-job-temp-allocator-block-size-background=1048576"
    "memorysetup-job-temp-allocator-reduction-small-platforms=262144"
    "memorysetup-allocator-temp-initial-block-size-main=262144"
    "memorysetup-allocator-temp-initial-block-size-worker=262144"
    "memorysetup-temp-allocator-size-background-worker=32768"
    "memorysetup-temp-allocator-size-job-worker=262144"
    "memorysetup-temp-allocator-size-preload-manager=33554432"
    "memorysetup-temp-allocator-size-nav-mesh-worker=65536"
    "memorysetup-temp-allocator-size-audio-worker=65536"
    "memorysetup-temp-allocator-size-cloud-worker=32768"
    "memorysetup-temp-allocator-size-gi-baking-worker=262144"
    "memorysetup-temp-allocator-size-gi-baking-worker=262144"
    "memorysetup-temp-allocator-size-gi-baking-worker=262144"
    "memorysetup-temp-allocator-size-gi-baking-worker=262144"
    "memorysetup-temp-allocator-size-gi-baking-worker=262144"
    "memorysetup-temp-allocator-size-gfx=262144"
Player connection [239944]  Target information:

Player connection [239944]  * "[IP] 192.168.144.55 [Port] 0 [Flags] 2 [Guid] 3502047768 [EditorId] 3502047768 [Version] 1048832 [Id] WindowsEditor(7,LAPTOP-MF7GOO7K) [Debug] 1 [PackageName] WindowsEditor [ProjectName] Editor" 

Player connection [239944]  * "[IP] 192.168.56.1 [Port] 0 [Flags] 2 [Guid] 3502047768 [EditorId] 3502047768 [Version] 1048832 [Id] WindowsEditor(7,LAPTOP-MF7GOO7K) [Debug] 1 [PackageName] WindowsEditor [ProjectName] Editor" 

Player connection [239944] Host joined multi-casting on [225.0.0.222:54997]...
Player connection [239944] Host joined alternative multi-casting on [225.0.0.222:34997]...
JobSystem: Creating JobQueue using job-worker-count value 7
[Physics::Module] Initialized fallback backend.
[Physics::Module] Id: 0xdecafbad
Library Redirect Path: Library/
[Physics::Module] Selected backend.
[Physics::Module] Name: PhysX
[Physics::Module] Id: 0xf2b8ea05
[Physics::Module] SDK Version: 4.1.2
[Physics::Module] Integration Version: 1.0.0
[Physics::Module] Threading Mode: Multi-Threaded
Refreshing native plugins compatible for Editor in 282.63 ms, found 4 plugins.
Preloading 0 native plugins for Editor in 0.00 ms.
Initialize engine version: 6000.0.23f1 (1c4764c07fb4)
[Subsystems] Discovering subsystems at path C:/Program Files/Unity/Hub/Editor/6000.0.23f1/Editor/Data/Resources/UnitySubsystems
[Subsystems] Discovering subsystems at path D:/Unity Games/Mystic Woods/Assets
GfxDevice: creating device client; kGfxThreadingModeNonThreaded
Direct3D:
    Version:  Direct3D 11.0 [level 11.1]
    Renderer: NVIDIA GeForce RTX 2060 with Max-Q Design (ID=0x1f12)
    Vendor:   NVIDIA
    VRAM:     5968 MB
    Driver:   31.0.15.3713
Initialize mono
Mono path[0] = 'C:/Program Files/Unity/Hub/Editor/6000.0.23f1/Editor/Data/Managed'
Mono path[1] = 'C:/Program Files/Unity/Hub/Editor/6000.0.23f1/Editor/Data/MonoBleedingEdge/lib/mono/unityjit-win32'
Mono config path = 'C:/Program Files/Unity/Hub/Editor/6000.0.23f1/Editor/Data/MonoBleedingEdge/etc'
Using monoOptions --debugger-agent=transport=dt_socket,embedding=1,server=y,suspend=n,address=127.0.0.1:56996
Begin MonoManager ReloadAssembly
Registering precompiled unity dll's ...
Register platform support module: C:/Program Files/Unity/Hub/Editor/6000.0.23f1/Editor/Data/PlaybackEngines/WebGLSupport/UnityEditor.WebGL.Extensions.dll
Register platform support module: C:/Program Files/Unity/Hub/Editor/6000.0.23f1/Editor/Data/PlaybackEngines/WindowsStandaloneSupport/UnityEditor.WindowsStandalone.Extensions.dll
Registered in 0.745265 seconds.
- Loaded All Assemblies, in 15.869 seconds
Native extension for WindowsStandalone target not found
Native extension for WebGL target not found
Mono: successfully reloaded assembly
- Finished resetting the current domain, in  0.647 seconds
Domain Reload Profiling: 16513ms
	BeginReloadAssembly (12356ms)
		ExecutionOrderSort (0ms)
		DisableScriptedObjects (0ms)
		BackupInstance (0ms)
		ReleaseScriptingObjects (0ms)
		CreateAndSetChildDomain (1ms)
	RebuildCommonClasses (821ms)
	RebuildNativeTypeToScriptingClass (19ms)
	initialDomainReloadingComplete (841ms)
	LoadAllAssembliesAndSetupDomain (1827ms)
		LoadAssemblies (12350ms)
		RebuildTransferFunctionScriptingTraits (0ms)
		AnalyzeDomain (1821ms)
			TypeCache.Refresh (1819ms)
				TypeCache.ScanAssembly (1353ms)
			BuildScriptInfoCaches (0ms)
			ResolveRequiredComponents (1ms)
	FinalizeReload (649ms)
		ReleaseScriptCaches (0ms)
		RebuildScriptCaches (0ms)
		SetupLoadedEditorAssemblies (573ms)
			LogAssemblyErrors (0ms)
			InitializePlatformSupportModulesInManaged (56ms)
			SetLoadedEditorAssemblies (9ms)
			BeforeProcessingInitializeOnLoad (15ms)
			ProcessInitializeOnLoadAttributes (350ms)
			ProcessInitializeOnLoadMethodAttributes (138ms)
			AfterProcessingInitializeOnLoad (5ms)
			EditorAssembliesLoaded (0ms)
		ExecutionOrderSort2 (0ms)
		AwakeInstancesAfterBackupRestoration (0ms)
Assembly reference Packages/com.unity.cinemachine/Editor/Samples/ExposeHDRPInternals/HDRP-Editor-ref.asmref has no target assembly definition
========================================================================
Worker process is ready to serve import requests
Import Worker Mode flag is 0x00
Assembly reference Packages/com.unity.cinemachine/Editor/Samples/ExposeHDRPInternals/HDRP-Editor-ref.asmref has no target assembly definition
Assembly reference Packages/com.unity.cinemachine/Editor/Samples/ExposeHDRPInternals/HDRP-Editor-ref.asmref has no target assembly definition
Begin MonoManager ReloadAssembly
- Loaded All Assemblies, in 21.542 seconds
Assembly reference Packages/com.unity.cinemachine/Editor/Samples/ExposeHDRPInternals/HDRP-Editor-ref.asmref has no target assembly definition
'Packages/com.unity.cinemachine/Editor/Obsolete/CinemachineVirtualCameraBaseEditor.cs' contains partial class of Unity.Object, exactly 1 of the partial classes needs to be in a file with the same filename. This is to know the one that can be referenced from ie. GameObjects
'Packages/com.unity.cinemachine/Editor/Editors/CinemachineVirtualCameraBaseEditor.cs' contains partial class of Unity.Object, exactly 1 of the partial classes needs to be in a file with the same filename. This is to know the one that can be referenced from ie. GameObjects
Refreshing native plugins compatible for Editor in 5.16 ms, found 4 plugins.
Native extension for WindowsStandalone target not found
Native extension for WebGL target not found
Assembly reference Packages/com.unity.cinemachine/Editor/Samples/ExposeHDRPInternals/HDRP-Editor-ref.asmref has no target assembly definition
Package Manager log level set to [2]
[Package Manager] Failed to launch server process. Reason: Unity was launched with the -noUpm command-line argument
[Package Manager] Unable to send message (not connected to server process).
[Package Manager] Cannot connect to Unity Package Manager local server
Mono: successfully reloaded assembly
- Finished resetting the current domain, in  4.049 seconds
Domain Reload Profiling: 25577ms
	BeginReloadAssembly (4416ms)
		ExecutionOrderSort (0ms)
		DisableScriptedObjects (11ms)
		BackupInstance (0ms)
		ReleaseScriptingObjects (0ms)
		CreateAndSetChildDomain (52ms)
	RebuildCommonClasses (77ms)
	RebuildNativeTypeToScriptingClass (24ms)
	initialDomainReloadingComplete (68ms)
	LoadAllAssembliesAndSetupDomain (16942ms)
		LoadAssemblies (15500ms)
		RebuildTransferFunctionScriptingTraits (0ms)
		AnalyzeDomain (1651ms)
			TypeCache.Refresh (1453ms)
				TypeCache.ScanAssembly (1299ms)
			BuildScriptInfoCaches (172ms)
			ResolveRequiredComponents (22ms)
	FinalizeReload (4050ms)
		ReleaseScriptCaches (0ms)
		RebuildScriptCaches (0ms)
		SetupLoadedEditorAssemblies (2880ms)
			LogAssemblyErrors (0ms)
			InitializePlatformSupportModulesInManaged (10ms)
			SetLoadedEditorAssemblies (17ms)
			BeforeProcessingInitializeOnLoad (644ms)
			ProcessInitializeOnLoadAttributes (1556ms)
			ProcessInitializeOnLoadMethodAttributes (630ms)
			AfterProcessingInitializeOnLoad (22ms)
			EditorAssembliesLoaded (0ms)
		ExecutionOrderSort2 (0ms)
		AwakeInstancesAfterBackupRestoration (15ms)
Launched and connected shader compiler UnityShaderCompiler.exe after 0.06 seconds
Refreshing native plugins compatible for Editor in 6.02 ms, found 4 plugins.
Preloading 0 native plugins for Editor in 0.00 ms.
Unloading 225 Unused Serialized files (Serialized files now loaded: 0)
Unloading 6958 unused Assets / (5.0 MB). Loaded Objects now: 7757.
Memory consumption went from 206.0 MB to 201.0 MB.
Total: 16.018200 ms (FindLiveObjects: 2.014300 ms CreateObjectMapping: 0.981300 ms MarkObjects: 9.170900 ms  DeleteObjects: 3.848600 ms)

========================================================================
Received Import Request.
  Time since last request: 523425.432375 seconds.
  path: Assets/Art/Mystic-Woods Sprites/tilesets/Tiles/CollisionObjects_Pallette.prefab
  artifactKey: Guid(372473a1276dad048ba92bb1c8b2fc21) Importer(815301076,1909f56bfc062723c751e8b465ee728b)
Start importing Assets/Art/Mystic-Woods Sprites/tilesets/Tiles/CollisionObjects_Pallette.prefab using Guid(372473a1276dad048ba92bb1c8b2fc21) Importer(815301076,1909f56bfc062723c751e8b465ee728b) (PreviewImporter) -> (artifact id: '7a0c0e5bfd0a2868ca123ac8819a9bb1') in 1.0859913 seconds
Number of updated asset objects reloaded before import = 0Number of asset objects unloaded after import = 88

========================================================================
Received Import Request.
  Time since last request: 68.293243 seconds.
  path: Assets/Art/Mystic-Woods Sprites/objects/objects.png
  artifactKey: Guid(61e281200e4d5c54ca636ab490e0c908) Importer(815301076,1909f56bfc062723c751e8b465ee728b)
Start importing Assets/Art/Mystic-Woods Sprites/objects/objects.png using Guid(61e281200e4d5c54ca636ab490e0c908) Importer(815301076,1909f56bfc062723c751e8b465ee728b) (PreviewImporter) -> (artifact id: 'b6fcda8d93019123aa39fee0093632e1') in 0.0508234 seconds
Number of updated asset objects reloaded before import = 0Number of asset objects unloaded after import = 3

========================================================================
Received Import Request.
  Time since last request: 0.000035 seconds.
  path: Assets/Art/Mystic-Woods Sprites/objects/objects_0.asset
  artifactKey: Guid(af731ddf160174a41933c77b35582727) Importer(815301076,1909f56bfc062723c751e8b465ee728b)
Start importing Assets/Art/Mystic-Woods Sprites/objects/objects_0.asset using Guid(af731ddf160174a41933c77b35582727) Importer(815301076,1909f56bfc062723c751e8b465ee728b) (PreviewImporter) -> (artifact id: '44cf4699bd2976a7f526ce35b072dff8') in 0.0238942 seconds
Number of updated asset objects reloaded before import = 0Number of asset objects unloaded after import = 3

========================================================================
Received Import Request.
  Time since last request: 36.440624 seconds.
  path: Assets/Art/Mystic-Woods Sprites/objects/objects.png
  artifactKey: Guid(61e281200e4d5c54ca636ab490e0c908) Importer(815301076,1909f56bfc062723c751e8b465ee728b)
Start importing Assets/Art/Mystic-Woods Sprites/objects/objects.png using Guid(61e281200e4d5c54ca636ab490e0c908) Importer(815301076,1909f56bfc062723c751e8b465ee728b) (PreviewImporter) -> (artifact id: 'accf2072b1aed945739c254dcc037e58') in 0.028866 seconds
Number of updated asset objects reloaded before import = 0Number of asset objects unloaded after import = 3

========================================================================
Received Import Request.
  Time since last request: 157.168125 seconds.
  path: Assets/Art/Mystic-Woods Sprites/objects/objects.png
  artifactKey: Guid(61e281200e4d5c54ca636ab490e0c908) Importer(815301076,1909f56bfc062723c751e8b465ee728b)
Start importing Assets/Art/Mystic-Woods Sprites/objects/objects.png using Guid(61e281200e4d5c54ca636ab490e0c908) Importer(815301076,1909f56bfc062723c751e8b465ee728b) (PreviewImporter) -> (artifact id: '4f00a22c73aa4c17347aa066e05ce32f') in 0.7717588 seconds
Number of updated asset objects reloaded before import = 0Number of asset objects unloaded after import = 210

========================================================================
Received Import Request.
  Time since last request: 141.384367 seconds.
  path: Assets/Art/Mystic-Woods Sprites/objects/objects.png
  artifactKey: Guid(61e281200e4d5c54ca636ab490e0c908) Importer(815301076,1909f56bfc062723c751e8b465ee728b)
Start importing Assets/Art/Mystic-Woods Sprites/objects/objects.png using Guid(61e281200e4d5c54ca636ab490e0c908) Importer(815301076,1909f56bfc062723c751e8b465ee728b) (PreviewImporter) -> (artifact id: '0f10d28030c4f1a4c6e4e1ad9cafbf79') in 0.1150069 seconds
Number of updated asset objects reloaded before import = 0Number of asset objects unloaded after import = 24

========================================================================
Received Import Request.
  Time since last request: 19.644262 seconds.
  path: Assets/Art/Mystic-Woods Sprites/objects/objects_80.asset
  artifactKey: Guid(b927e8b974eb3ff4bb5a6b3c0a4dd73e) Importer(815301076,1909f56bfc062723c751e8b465ee728b)
Start importing Assets/Art/Mystic-Woods Sprites/objects/objects_80.asset using Guid(b927e8b974eb3ff4bb5a6b3c0a4dd73e) Importer(815301076,1909f56bfc062723c751e8b465ee728b) (PreviewImporter) -> (artifact id: 'c2b4026d1b647d3a86f1ae44fb4ad81b') in 0.0176809 seconds
Number of updated asset objects reloaded before import = 0Number of asset objects unloaded after import = 3

========================================================================
Received Import Request.
  Time since last request: 106.751408 seconds.
  path: Assets/Art/Mystic-Woods Sprites/objects/objects_104.asset
  artifactKey: Guid(5bd7834f32686ea4ab54187a6036b739) Importer(815301076,1909f56bfc062723c751e8b465ee728b)
Start importing Assets/Art/Mystic-Woods Sprites/objects/objects_104.asset using Guid(5bd7834f32686ea4ab54187a6036b739) Importer(815301076,1909f56bfc062723c751e8b465ee728b) (PreviewImporter) -> (artifact id: '9d972748bc869505f15b08f6f82606cb') in 0.0192108 seconds
Number of updated asset objects reloaded before import = 0Number of asset objects unloaded after import = 3

